
> logflows-sync-pickupp@0.1.0 start
> strapi start


 Project information

[90m┌────────────────────[39m[90m┬──────────────────────────────────────────────────┐[39m
[90m│[39m Time               [90m│[39m Thu Sep 22 2022 12:28:09 GMT+0800 (China Standa… [90m│[39m
[90m│[39m Launched in        [90m│[39m 1172 ms                                          [90m│[39m
[90m│[39m Environment        [90m│[39m development                                      [90m│[39m
[90m│[39m Process PID        [90m│[39m 3790                                             [90m│[39m
[90m│[39m Version            [90m│[39m 4.2.0 (node v16.15.0)                            [90m│[39m
[90m│[39m Edition            [90m│[39m Community                                        [90m│[39m
[90m└────────────────────[39m[90m┴──────────────────────────────────────────────────┘[39m

 Actions available

Welcome back!
To manage your project 🚀, go to the administration panel at:
http://localhost:1337/admin

To access the server ⚡️, go to:
http://localhost:1337

[2022-09-22 12:28:13.454] [32mhttp[39m: GET /admin/ (13 ms) 200
[2022-09-22 12:28:13.723] [32mhttp[39m: GET /admin/project-type (6 ms) 200
[2022-09-22 12:28:13.852] [32mhttp[39m: POST /admin/renew-token (10 ms) 200
[2022-09-22 12:28:13.870] [32mhttp[39m: GET /admin/init (15 ms) 200
[2022-09-22 12:28:14.015] [32mhttp[39m: GET /admin/users/me/permissions (33 ms) 200
[2022-09-22 12:28:14.025] [32mhttp[39m: GET /admin/users/me (40 ms) 200
[2022-09-22 12:28:14.036] [32mhttp[39m: GET /admin/information (48 ms) 200
[2022-09-22 12:28:14.084] [32mhttp[39m: GET /i18n/locales (16 ms) 200
[2022-09-22 12:28:14.175] [32mhttp[39m: GET /content-manager/content-types (17 ms) 200
[2022-09-22 12:28:14.183] [32mhttp[39m: GET /content-manager/components (22 ms) 200
[2022-09-22 12:30:05.098] [32mhttp[39m: GET /admin/3224.4abaae14.chunk.js (3 ms) 200
[2022-09-22 12:30:05.099] [32mhttp[39m: GET /admin/9102.762628f7.chunk.js (3 ms) 200
[2022-09-22 12:30:05.101] [32mhttp[39m: GET /admin/3852.e4cec2a3.chunk.js (2 ms) 200
[2022-09-22 12:30:05.105] [32mhttp[39m: GET /admin/7909.a818bde3.chunk.js (4 ms) 200
[2022-09-22 12:30:05.106] [32mhttp[39m: GET /admin/596.9cbf0a32.chunk.js (4 ms) 200
[2022-09-22 12:30:05.108] [32mhttp[39m: GET /admin/content-manager.e3d269c8.chunk.js (5 ms) 200
[2022-09-22 12:30:05.931] [32mhttp[39m: GET /admin/highlight.js.cd1af1c1.chunk.js (1 ms) 200
[2022-09-22 12:30:05.958] [32mhttp[39m: GET /admin/codemirror-javacript.11671317.chunk.js (1 ms) 200
[2022-09-22 12:30:05.996] [32mhttp[39m: GET /content-manager/content-types (23 ms) 200
[2022-09-22 12:30:06.018] [32mhttp[39m: GET /content-manager/components (41 ms) 200
[2022-09-22 12:30:06.020] [32mhttp[39m: GET /admin/codemirror-addon-lint.38f8cd88.chunk.js (0 ms) 200
[2022-09-22 12:30:06.053] [32mhttp[39m: GET /admin/codemirror-addon-lint-js.0ebe3411.chunk.js (0 ms) 200
[2022-09-22 12:30:06.100] [32mhttp[39m: GET /content-manager/content-types-settings (43 ms) 200
[2022-09-22 12:30:06.102] [32mhttp[39m: GET /admin/codemirror-addon-closebrackets.fc150cf2.chunk.js (0 ms) 200
[2022-09-22 12:30:06.192] [32mhttp[39m: GET /admin/codemirror-addon-mark-selection.4936a38a.chunk.js (2 ms) 200
[2022-09-22 12:30:06.204] [32mhttp[39m: GET /content-manager/content-types/api::log.log/configuration (17 ms) 200
[2022-09-22 12:30:06.228] [32mhttp[39m: GET /admin/codemirror-css.ffa0723b.chunk.js (0 ms) 200
[2022-09-22 12:30:06.317] [32mhttp[39m: GET /admin/codemirror-theme.27dd9ce3.chunk.js (18 ms) 200
[2022-09-22 12:30:06.324] [32mhttp[39m: GET /content-manager/collection-types/api::log.log?page=1&pageSize=10&sort=action:ASC (30 ms) 200
[2022-09-22 12:31:38.443] [32mhttp[39m: GET /admin/ (2 ms) 200
[2022-09-22 12:31:38.551] [32mhttp[39m: GET /admin/runtime~main.3df17a65.js (1 ms) 200
[2022-09-22 12:31:38.607] [32mhttp[39m: GET /admin/main.7135d29d.js (2 ms) 200
[2022-09-22 12:31:40.453] [32mhttp[39m: GET /admin/project-type (1 ms) 200
[2022-09-22 12:31:40.461] [32mhttp[39m: GET /favicon.ico (1 ms) 200
[2022-09-22 12:31:40.506] [32mhttp[39m: GET /admin/8862.7138e3ce.chunk.js (1 ms) 200
[2022-09-22 12:31:40.545] [32mhttp[39m: GET /admin/1487.225e4334.chunk.js (6 ms) 200
[2022-09-22 12:31:40.621] [32mhttp[39m: GET /admin/2484.102811ef.chunk.js (1 ms) 200
[2022-09-22 12:31:40.651] [32mhttp[39m: GET /admin/2427.3acc3884.chunk.js (1 ms) 200
[2022-09-22 12:31:40.847] [32mhttp[39m: GET /admin/fontawesome-css.12820b8e.chunk.js (1 ms) 200
[2022-09-22 12:31:40.876] [32mhttp[39m: GET /admin/en-json.4728e078.chunk.js (1 ms) 200
[2022-09-22 12:31:40.937] [32mhttp[39m: GET /admin/fontawesome-css-all.b652df52.chunk.js (1 ms) 200
[2022-09-22 12:31:40.957] [32mhttp[39m: GET /admin/content-type-builder-translation-en-json.f82f5089.chunk.js (1 ms) 200
[2022-09-22 12:31:40.976] [32mhttp[39m: GET /admin/email-translation-en-json.26e84cb8.chunk.js (1 ms) 200
[2022-09-22 12:31:41.011] [32mhttp[39m: GET /admin/upload-translation-en-json.3953fbc2.chunk.js (1 ms) 200
[2022-09-22 12:31:41.025] [32mhttp[39m: GET /admin/users-permissions-translation-en-json.2d3f1bca.chunk.js (1 ms) 200
[2022-09-22 12:31:41.177] [32mhttp[39m: GET /admin/documentation-translation-en-json.deda2c02.chunk.js (1 ms) 200
[2022-09-22 12:31:41.201] [32mhttp[39m: GET /admin/i18n-translation-en-json.843239c8.chunk.js (1 ms) 200
[2022-09-22 12:31:41.221] [32mhttp[39m: GET /admin/5479.9c9ecd6d.chunk.js (1 ms) 200
[2022-09-22 12:31:41.262] [32mhttp[39m: GET /admin/fontawesome-js.fc1c185f.chunk.js (1 ms) 200
[2022-09-22 12:31:41.406] [32mhttp[39m: GET /admin/init (4 ms) 200
[2022-09-22 12:31:41.451] [32mhttp[39m: GET /admin/b997a22a2e0b87ef1fa2.ico (1 ms) 200
[2022-09-22 12:31:41.706] [32mhttp[39m: GET /admin/fde9b1ad0670d29a2516.png (0 ms) 200
[2022-09-22 12:31:42.122] [32mhttp[39m: GET /admin/cropper-css.abf3263c.chunk.js (2 ms) 200
[2022-09-22 12:35:38.907] [32mhttp[39m: GET /admin/ (2 ms) 200
[2022-09-22 12:35:38.948] [32mhttp[39m: GET /admin/runtime~main.3df17a65.js (1 ms) 200
[2022-09-22 12:35:38.979] [32mhttp[39m: GET /admin/main.7135d29d.js (1 ms) 200
[2022-09-22 12:35:40.791] [32mhttp[39m: GET /admin/project-type (1 ms) 200
[2022-09-22 12:35:40.792] [32mhttp[39m: GET /favicon.ico (0 ms) 200
[2022-09-22 12:35:40.835] [32mhttp[39m: GET /admin/1487.225e4334.chunk.js (2 ms) 200
[2022-09-22 12:35:40.835] [32mhttp[39m: GET /admin/8862.7138e3ce.chunk.js (1 ms) 200
[2022-09-22 12:35:40.865] [32mhttp[39m: GET /admin/2484.102811ef.chunk.js (2 ms) 200
[2022-09-22 12:35:40.866] [32mhttp[39m: GET /admin/2427.3acc3884.chunk.js (2 ms) 200
[2022-09-22 12:35:40.960] [32mhttp[39m: GET /admin/fontawesome-css.12820b8e.chunk.js (1 ms) 200
[2022-09-22 12:35:40.964] [32mhttp[39m: GET /admin/en-json.4728e078.chunk.js (1 ms) 200
[2022-09-22 12:35:41.014] [32mhttp[39m: GET /admin/fontawesome-css-all.b652df52.chunk.js (0 ms) 200
[2022-09-22 12:35:41.025] [32mhttp[39m: GET /admin/content-type-builder-translation-en-json.f82f5089.chunk.js (1 ms) 200
[2022-09-22 12:35:41.029] [32mhttp[39m: GET /admin/upload-translation-en-json.3953fbc2.chunk.js (2 ms) 200
[2022-09-22 12:35:41.030] [32mhttp[39m: GET /admin/email-translation-en-json.26e84cb8.chunk.js (2 ms) 200
[2022-09-22 12:35:41.065] [32mhttp[39m: GET /admin/documentation-translation-en-json.deda2c02.chunk.js (2 ms) 200
[2022-09-22 12:35:41.065] [32mhttp[39m: GET /admin/users-permissions-translation-en-json.2d3f1bca.chunk.js (1 ms) 200
[2022-09-22 12:35:41.073] [32mhttp[39m: GET /admin/i18n-translation-en-json.843239c8.chunk.js (1 ms) 200
[2022-09-22 12:35:41.073] [32mhttp[39m: GET /admin/5479.9c9ecd6d.chunk.js (1 ms) 200
[2022-09-22 12:35:41.088] [32mhttp[39m: GET /admin/fontawesome-js.fc1c185f.chunk.js (0 ms) 200
[2022-09-22 12:35:41.222] [32mhttp[39m: GET /admin/init (32 ms) 200
[2022-09-22 12:35:41.530] [32mhttp[39m: GET /admin/fde9b1ad0670d29a2516.png (1 ms) 200
[2022-09-22 12:35:42.524] [32mhttp[39m: GET /admin/cropper-css.abf3263c.chunk.js (0 ms) 200
[2022-09-22 12:36:17.819] [32mhttp[39m: POST /admin/login (108 ms) 200
[2022-09-22 12:36:17.899] [32mhttp[39m: GET /admin/7814.7ee673ba.chunk.js (0 ms) 200
[2022-09-22 12:36:17.903] [32mhttp[39m: GET /admin/2563.51f402fd.chunk.js (1 ms) 200
[2022-09-22 12:36:17.951] [32mhttp[39m: GET /admin/Admin-authenticatedApp.f77e2e61.chunk.js (2 ms) 200
[2022-09-22 12:36:18.480] [32mhttp[39m: GET /admin/users/me (25 ms) 200
[2022-09-22 12:36:18.519] [32mhttp[39m: GET /admin/users/me/permissions (63 ms) 200
[2022-09-22 12:36:18.520] [32mhttp[39m: GET /admin/information (59 ms) 200
[2022-09-22 12:36:18.604] [32mhttp[39m: GET /i18n/locales (19 ms) 200
[2022-09-22 12:36:18.670] [32mhttp[39m: GET /admin/15026a3d58aeb2828134.png (1 ms) 200
[2022-09-22 12:36:18.684] [32mhttp[39m: GET /admin/791.abf9fa9e.chunk.js (0 ms) 200
[2022-09-22 12:36:18.693] [32mhttp[39m: GET /admin/Admin_homePage.4926a7dc.chunk.js (0 ms) 200
[2022-09-22 12:36:18.764] [32mhttp[39m: GET /content-manager/content-types (15 ms) 200
[2022-09-22 12:36:18.771] [32mhttp[39m: GET /content-manager/components (20 ms) 200
[2022-09-22 12:36:18.835] [32mhttp[39m: GET /admin/fb376b132d18bf4522ca.png (1 ms) 200
[2022-09-22 12:36:28.882] [32mhttp[39m: GET /admin/3852.e4cec2a3.chunk.js (2 ms) 200
[2022-09-22 12:36:28.897] [32mhttp[39m: GET /admin/596.9cbf0a32.chunk.js (0 ms) 200
[2022-09-22 12:36:28.914] [32mhttp[39m: GET /admin/3224.4abaae14.chunk.js (1 ms) 200
[2022-09-22 12:36:28.931] [32mhttp[39m: GET /admin/7909.a818bde3.chunk.js (0 ms) 200
[2022-09-22 12:36:28.948] [32mhttp[39m: GET /admin/9102.762628f7.chunk.js (1 ms) 200
[2022-09-22 12:36:29.033] [32mhttp[39m: GET /admin/content-manager.e3d269c8.chunk.js (2 ms) 200
[2022-09-22 12:36:29.985] [32mhttp[39m: GET /admin/highlight.js.cd1af1c1.chunk.js (1 ms) 200
[2022-09-22 12:36:29.992] [32mhttp[39m: GET /admin/codemirror-javacript.11671317.chunk.js (0 ms) 200
[2022-09-22 12:36:30.054] [32mhttp[39m: GET /content-manager/components (19 ms) 200
[2022-09-22 12:36:30.061] [32mhttp[39m: GET /admin/codemirror-addon-lint.38f8cd88.chunk.js (1 ms) 200
[2022-09-22 12:36:30.074] [32mhttp[39m: GET /content-manager/content-types (15 ms) 200
[2022-09-22 12:36:30.116] [32mhttp[39m: GET /admin/codemirror-addon-lint-js.0ebe3411.chunk.js (1 ms) 200
[2022-09-22 12:36:30.156] [32mhttp[39m: GET /content-manager/content-types-settings (29 ms) 200
[2022-09-22 12:36:30.165] [32mhttp[39m: GET /admin/codemirror-addon-closebrackets.fc150cf2.chunk.js (1 ms) 200
[2022-09-22 12:36:30.262] [32mhttp[39m: GET /admin/codemirror-addon-mark-selection.4936a38a.chunk.js (8 ms) 200
[2022-09-22 12:36:30.262] [32mhttp[39m: GET /content-manager/content-types/api::log.log/configuration (13 ms) 200
[2022-09-22 12:36:30.304] [32mhttp[39m: GET /admin/codemirror-css.ffa0723b.chunk.js (1 ms) 200
[2022-09-22 12:36:30.428] [32mhttp[39m: GET /content-manager/collection-types/api::log.log?page=1&pageSize=10&sort=action:ASC (24 ms) 200
[2022-09-22 12:36:30.439] [32mhttp[39m: GET /admin/codemirror-theme.27dd9ce3.chunk.js (1 ms) 200
[2022-09-22 12:36:33.319] [32mhttp[39m: GET /admin/2066.37fb5511.chunk.js (1 ms) 200
[2022-09-22 12:36:33.320] [32mhttp[39m: GET /admin/Admin_settingsPage.2be46783.chunk.js (1 ms) 200
[2022-09-22 12:36:33.500] [32mhttp[39m: GET /admin/project-settings (15 ms) 200
[2022-09-22 12:36:42.381] [32mhttp[39m: GET /admin/Admin_marketplace.fac3768c.chunk.js (1 ms) 200
[2022-09-22 12:36:42.456] [32mhttp[39m: GET /admin/plugins (15 ms) 200
[2022-09-22 12:36:42.467] [32mhttp[39m: GET /admin/information (22 ms) 200
[2022-09-22 12:36:42.770] [32mhttp[39m: GET /admin/90f49a385afb000fb1d4.svg (1 ms) 200
[2022-09-22 12:37:10.990] [32mhttp[39m: GET /admin/Admin_pluginsPage.ab461a27.chunk.js (1 ms) 200
[2022-09-22 12:37:11.068] [32mhttp[39m: GET /admin/plugins (15 ms) 200
[2022-09-22 12:37:15.440] [32mhttp[39m: GET /admin/[request].b929a427.chunk.js (1 ms) 200
[2022-09-22 12:37:18.990] [32mhttp[39m: GET /admin/documentation-page.bd08e08d.chunk.js (1 ms) 200
[2022-09-22 12:37:19.074] [32mhttp[39m: GET /documentation/getInfos (18 ms) 200
[2022-09-22 12:37:21.530] [32mhttp[39m: GET /admin/upload.b4c2806b.chunk.js (1 ms) 200
[2022-09-22 12:37:21.662] [32mhttp[39m: GET /upload/files?sort=updatedAt:DESC&page=1&pageSize=10 (27 ms) 200
[2022-09-22 12:37:21.726] [32mhttp[39m: GET /uploads/thumbnail_CUETIME_LIVE_logo_8_1_e60bf749c4.png?width=1024&height=1024 (2 ms) 404
[2022-09-22 12:37:38.080] [32mhttp[39m: GET /admin/4675.abde6390.chunk.js (0 ms) 200
[2022-09-22 12:37:38.084] [32mhttp[39m: GET /admin/content-type-builder.a5ef90ee.chunk.js (1 ms) 200
[2022-09-22 12:37:38.439] [32mhttp[39m: GET /content-type-builder/components (15 ms) 200
[2022-09-22 12:37:38.448] [32mhttp[39m: GET /content-type-builder/content-types (22 ms) 200
[2022-09-22 12:37:38.462] [32mhttp[39m: GET /content-type-builder/reserved-names (11 ms) 200
[2022-09-22 12:37:38.535] [32mhttp[39m: GET /admin/6615.f3e40449.chunk.js (1 ms) 200
[2022-09-22 12:37:46.864] [32mhttp[39m: GET /content-manager/content-types (15 ms) 200
[2022-09-22 12:37:46.872] [32mhttp[39m: GET /content-manager/components (20 ms) 200
[2022-09-22 12:37:46.959] [32mhttp[39m: GET /content-manager/content-types-settings (39 ms) 200
[2022-09-22 12:37:47.048] [32mhttp[39m: GET /content-manager/content-types/api::log.log/configuration (13 ms) 200
[2022-09-22 12:37:47.160] [32mhttp[39m: GET /content-manager/collection-types/api::log.log?page=1&pageSize=10&sort=action:ASC (21 ms) 200
[2022-09-22 12:37:49.033] [32mhttp[39m: GET /content-manager/content-types/api::order.order/configuration (11 ms) 200
[2022-09-22 12:37:49.154] [32mhttp[39m: GET /content-manager/collection-types/api::order.order?page=1&pageSize=10&sort=compid:ASC (40 ms) 200
[2022-09-22 12:37:49.981] [32mhttp[39m: GET /content-manager/content-types/api::region.region/configuration (12 ms) 200
[2022-09-22 12:37:50.076] [32mhttp[39m: GET /content-manager/collection-types/api::region.region?page=1&pageSize=10&sort=region:ASC&locale=en (14 ms) 200
[2022-09-22 12:37:51.022] [32mhttp[39m: GET /content-manager/content-types/plugin::users-permissions.user/configuration (13 ms) 200
[2022-09-22 12:37:51.134] [32mhttp[39m: GET /content-manager/collection-types/plugin::users-permissions.user?page=1&pageSize=10&sort=username:ASC (25 ms) 200
[2022-09-22 12:37:58.229] [32mhttp[39m: GET /content-manager/collection-types/plugin::users-permissions.user/2 (17 ms) 200
[2022-09-22 12:38:27.073] [32mhttp[39m: GET /content-manager/collection-types/plugin::users-permissions.user?page=1&pageSize=10&sort=username:ASC (24 ms) 200
[2022-09-22 12:38:30.538] [32mhttp[39m: GET /admin/project-settings (13 ms) 200
[2022-09-22 12:38:36.080] [32mhttp[39m: GET /admin/api-tokens-list-page.4e93fdf6.chunk.js (1 ms) 200
[2022-09-22 12:38:36.197] [32mhttp[39m: GET /admin/api-tokens (14 ms) 200
[2022-09-22 12:38:42.395] [32mhttp[39m: GET /admin/api-tokens-edit-page.059e12cf.chunk.js (0 ms) 200
[2022-09-22 12:38:42.469] [32mhttp[39m: GET /admin/api-tokens/2 (14 ms) 200
[2022-09-22 12:38:47.224] [32mhttp[39m: GET /admin/api-tokens (13 ms) 200
[2022-09-22 12:38:48.680] [32mhttp[39m: GET /admin/documentation-settings.cdd749cf.chunk.js (0 ms) 200
[2022-09-22 12:38:48.767] [32mhttp[39m: GET /documentation/getInfos (16 ms) 200
[2022-09-22 12:39:06.040] [32mhttp[39m: GET /admin/i18n-settings-page.8de66c46.chunk.js (1 ms) 200
[2022-09-22 12:39:06.125] [32mhttp[39m: GET /i18n/locales (14 ms) 200
[2022-09-22 12:39:12.803] [32mhttp[39m: GET /documentation/getInfos (18 ms) 200
[2022-09-22 12:39:15.386] [32mhttp[39m: GET /i18n/locales (16 ms) 200
[2022-09-22 12:39:16.120] [32mhttp[39m: GET /admin/upload-settings.ebdf0aeb.chunk.js (1 ms) 200
[2022-09-22 12:39:16.192] [32mhttp[39m: GET /upload/settings (12 ms) 200
[2022-09-22 12:39:22.320] [32mhttp[39m: GET /admin/webhook-list-page.925f249b.chunk.js (1 ms) 200
[2022-09-22 12:39:22.406] [32mhttp[39m: GET /admin/webhooks (12 ms) 200
[2022-09-22 12:39:27.122] [32mhttp[39m: GET /admin/roles (16 ms) 200
[2022-09-22 12:39:29.085] [32mhttp[39m: GET /admin/admin-users.75683e28.chunk.js (1 ms) 200
[2022-09-22 12:39:29.200] [32mhttp[39m: GET /admin/users?pageSize=10&page=1&sort=firstname (27 ms) 200
[2022-09-22 12:45:32.618] [32mhttp[39m: GET index.html (3 ms) 200
[2022-09-22 12:45:45.135] [32mhttp[39m: GET /favicon.ico (0 ms) 200
[2022-09-22 12:49:03.867] [32mhttp[39m: GET index.html (3 ms) 200
[2022-09-22 13:13:44.481] [32mhttp[39m: GET /admin/plugins (19 ms) 200
[2022-09-22 13:13:44.482] [32mhttp[39m: GET /admin/information (23 ms) 200
[2022-09-22 13:13:44.570] [32mhttp[39m: GET index.html (3 ms) 200
[2022-09-22 13:13:45.073] [32mhttp[39m: GET index.html (3 ms) 200
[2022-09-22 13:13:46.054] [32mhttp[39m: GET /favicon.ico (0 ms) 200
[2022-09-22 13:13:49.918] [32mhttp[39m: GET /admin/plugins (13 ms) 200
[2022-09-22 13:25:57.312] [32mhttp[39m: GET /admin (1 ms) 200
[2022-09-22 13:25:57.697] [32mhttp[39m: GET /admin/runtime~main.3df17a65.js (1 ms) 200
[2022-09-22 13:25:58.359] [32mhttp[39m: GET /admin/main.7135d29d.js (0 ms) 200
[2022-09-22 13:34:39.878] [32mhttp[39m: GET index.html (2 ms) 200
[2022-09-22 13:34:39.917] [32mhttp[39m: GET /admin (1 ms) 200
[2022-09-22 13:35:45.879] [32mhttp[39m: GET /admin/auth/login (1 ms) 200
[2022-09-22 13:35:46.581] [32mhttp[39m: GET /admin/runtime~main.3df17a65.js (1 ms) 200
[2022-09-22 13:35:47.007] [32mhttp[39m: GET /admin/main.7135d29d.js (0 ms) 200
[2022-09-22 13:39:22.258] [32mhttp[39m: GET index.html (4 ms) 200
[2022-09-22 13:39:23.261] [32mhttp[39m: GET /assets/images/logo_login.png (2 ms) 200
[2022-09-22 13:49:12.927] [32mhttp[39m: GET index.html (4 ms) 200
[2022-09-22 13:49:13.944] [32mhttp[39m: GET /assets/images/logo_login.png (2 ms) 200
[2022-09-22 13:51:01.584] [32mhttp[39m: GET /as31/?2dG=gXBXnt2HQZcluZ4p&LF9L_rN=/s9x+Z3UNyMMSKxCCy3A1u1jDiC6TY3Lr/25AUkAHWcJiocfUd6waypd5H1UjuRN&sql=1 (0 ms) 404
[2022-09-22 13:52:15.228] [32mhttp[39m: GET /as31/?3f=02Jt_L&OPbHE=/s9x+Z3URiwITNo/eS3A1uYOMCewRpXP/OqudG0bGW9IvINMQIWmKXhbslxNr7YSAl1HLLtnrWiTbzo= (1 ms) 404
[2022-09-22 13:53:05.274] [32mhttp[39m: GET api:api/admin/content-manager/collectionType/api::log.log?page=1&pageSize=10&sort=action:ASC (1 ms) 200
[2022-09-22 13:53:05.582] [32mhttp[39m: GET /admin/project-type (1 ms) 200
[2022-09-22 13:53:05.707] [32mhttp[39m: POST /admin/renew-token (1 ms) 200
[2022-09-22 13:53:05.722] [32mhttp[39m: GET /admin/init (13 ms) 200
[2022-09-22 13:53:05.860] [32mhttp[39m: GET /admin/users/me (19 ms) 200
[2022-09-22 13:53:05.878] [32mhttp[39m: GET /admin/users/me/permissions (35 ms) 200
[2022-09-22 13:53:05.879] [32mhttp[39m: GET /admin/information (33 ms) 200
[2022-09-22 13:53:05.937] [32mhttp[39m: GET /i18n/locales (11 ms) 200
[2022-09-22 13:53:06.142] [32mhttp[39m: GET /content-manager/components (12 ms) 200
[2022-09-22 13:53:06.152] [32mhttp[39m: GET /content-manager/content-types (19 ms) 200
[2022-09-22 13:53:06.203] [32mhttp[39m: GET /content-manager/content-types-settings (21 ms) 200
[2022-09-22 13:53:06.268] [32mhttp[39m: GET /content-manager/content-types/api::log.log/configuration (10 ms) 200
[2022-09-22 13:53:06.381] [32mhttp[39m: GET /content-manager/collection-types/api::log.log?page=1&pageSize=10&sort=action:ASC (25 ms) 200
[2022-09-22 13:55:53.467] [32mhttp[39m: GET /content-manager/content-types/api::order.order/configuration (12 ms) 200
[2022-09-22 13:55:53.577] [32mhttp[39m: GET /content-manager/collection-types/api::order.order?page=1&pageSize=10&sort=compid:ASC (29 ms) 200
[2022-09-22 13:59:06.794] [32mhttp[39m: GET /as31/?LltlvL=/s9x+Z2lRCwKOqtDBC3A1uYOMCewRpXP/OqudHUGG2wNjZFWRojnPW4Xvjwgr4E+OWgQWMM=&hvG8=gXSlU (1 ms) 404
[2022-09-22 14:12:26.132] [32mhttp[39m: GET /content-manager/content-types/api::log.log/configuration (13 ms) 200
[2022-09-22 14:12:26.220] [32mhttp[39m: GET /content-manager/collection-types/api::log.log?page=1&pageSize=10&sort=action:ASC (31 ms) 200
[2022-09-22 14:18:17.854] [32mhttp[39m: GET /as31/?6lR8RN=mrj8Pz0x&OPbHE=/s9x+Z3URiwITNo/eS3A1uYOMCewRpXP/OqudG0bGW9IvINMQIWmKXhbslxNr7YSAl1HLLtnrWiTbzo= (0 ms) 404
[2022-09-22 14:25:36.968] [32mhttp[39m: GET index.html (2 ms) 200
[2022-09-22 14:28:36.328] [32mhttp[39m: GET /content-manager/content-types/api::order.order/configuration (13 ms) 200
[2022-09-22 14:28:36.452] [32mhttp[39m: GET /content-manager/collection-types/api::order.order?page=1&pageSize=10&sort=compid:ASC (32 ms) 200
[2022-09-22 14:28:51.313] [32mhttp[39m: GET api:api/admin/content-manager/collectionType/api::order.order?page=1&pageSize=10&sort=compid:ASC (1 ms) 200
[2022-09-22 14:28:51.455] [32mhttp[39m: GET /admin/project-type (1 ms) 200
[2022-09-22 14:28:51.574] [32mhttp[39m: POST /admin/renew-token (1 ms) 200
[2022-09-22 14:28:51.590] [32mhttp[39m: GET /admin/init (15 ms) 200
[2022-09-22 14:28:51.709] [32mhttp[39m: GET /admin/information (16 ms) 200
[2022-09-22 14:28:51.735] [32mhttp[39m: GET /admin/users/me/permissions (36 ms) 200
[2022-09-22 14:28:51.745] [32mhttp[39m: GET /admin/users/me (33 ms) 200
[2022-09-22 14:28:51.767] [32mhttp[39m: GET /i18n/locales (16 ms) 200
[2022-09-22 14:28:51.919] [32mhttp[39m: GET /content-manager/content-types (15 ms) 200
[2022-09-22 14:28:51.925] [32mhttp[39m: GET /content-manager/components (19 ms) 200
[2022-09-22 14:28:51.980] [32mhttp[39m: GET /content-manager/content-types-settings (28 ms) 200
[2022-09-22 14:28:52.037] [32mhttp[39m: GET /content-manager/content-types/api::order.order/configuration (13 ms) 200
[2022-09-22 14:28:52.170] [32mhttp[39m: GET /content-manager/collection-types/api::order.order?page=1&pageSize=10&sort=compid:ASC (32 ms) 200
[2022-09-22 14:28:55.907] [32mhttp[39m: GET /content-manager/content-types/api::region.region/configuration (10 ms) 200
[2022-09-22 14:28:55.968] [32mhttp[39m: GET /content-manager/collection-types/api::region.region?page=1&pageSize=10&sort=region:ASC&locale=en (13 ms) 200
[2022-09-22 14:28:58.240] [32mhttp[39m: GET /content-manager/content-types/plugin::users-permissions.user/configuration (12 ms) 200
[2022-09-22 14:28:58.339] [32mhttp[39m: GET /content-manager/collection-types/plugin::users-permissions.user?page=1&pageSize=10&sort=username:ASC (15 ms) 200
[2022-09-22 14:29:09.593] [32mhttp[39m: GET /content-manager/collection-types/plugin::users-permissions.user/2 (14 ms) 200
[2022-09-22 14:29:11.587] [32mhttp[39m: GET /upload/files?page=1&sort=updatedAt:DESC&pageSize=10 (26 ms) 200
[2022-09-22 14:29:11.630] [32mhttp[39m: GET /uploads/thumbnail_CUETIME_LIVE_logo_8_1_e60bf749c4.png?width=1024&height=1024 (1 ms) 404
[2022-09-22 14:29:17.022] [32mhttp[39m: GET /uploads/thumbnail_CUETIME_LIVE_logo_8_1_e60bf749c4.png?updated_at=2022-06-26T13:56:37.577Z (1 ms) 404
[2022-09-22 14:29:27.113] [32mhttp[39m: GET /uploads/thumbnail_CUETIME_LIVE_logo_8_1_e60bf749c4.png?width=1024&height=1024 (1 ms) 404
[2022-09-22 14:29:31.913] [32mhttp[39m: GET /uploads/thumbnail_CUETIME_LIVE_logo_8_1_e60bf749c4.png?updated_at=2022-06-26T13:56:37.577Z (1 ms) 404
[2022-09-22 14:29:34.351] [32mhttp[39m: GET /uploads/thumbnail_CUETIME_LIVE_logo_8_1_e60bf749c4.png?width=1024&height=1024 (2 ms) 404
[2022-09-22 14:29:40.184] [32mhttp[39m: GET /content-manager/collection-types/api::region.region?page=1&pageSize=10&sort=region:ASC&locale=en (18 ms) 200
[2022-09-22 14:29:41.606] [32mhttp[39m: GET /content-manager/collection-types/api::order.order?page=1&pageSize=10&sort=compid:ASC (39 ms) 200
[2022-09-22 14:29:44.352] [32mhttp[39m: GET /content-manager/content-types/api::log.log/configuration (11 ms) 200
[2022-09-22 14:29:44.462] [32mhttp[39m: GET /content-manager/collection-types/api::log.log?page=1&pageSize=10&sort=action:ASC (19 ms) 200
[2022-09-22 14:29:46.692] [32mhttp[39m: GET /admin/content-type-builder.a5ef90ee.chunk.js (1 ms) 200
[2022-09-22 14:29:46.705] [32mhttp[39m: GET /admin/4675.abde6390.chunk.js (1 ms) 200
[2022-09-22 14:29:46.777] [32mhttp[39m: GET /content-type-builder/reserved-names (11 ms) 200
[2022-09-22 14:29:46.783] [32mhttp[39m: GET /content-type-builder/content-types (15 ms) 200
[2022-09-22 14:29:46.793] [32mhttp[39m: GET /content-type-builder/components (9 ms) 200
[2022-09-22 14:29:46.833] [32mhttp[39m: GET /admin/6615.f3e40449.chunk.js (1 ms) 200
[2022-09-22 14:29:52.098] [32mhttp[39m: GET /admin/upload.b4c2806b.chunk.js (1 ms) 200
[2022-09-22 14:29:52.177] [32mhttp[39m: GET /upload/files?sort=updatedAt:DESC&page=1&pageSize=10 (18 ms) 200
[2022-09-22 14:29:52.214] [32mhttp[39m: GET /uploads/thumbnail_CUETIME_LIVE_logo_8_1_e60bf749c4.png?width=1024&height=1024 (1 ms) 404
[2022-09-22 14:29:52.916] [32mhttp[39m: GET /content-type-builder/content-types (15 ms) 200
[2022-09-22 14:29:52.924] [32mhttp[39m: GET /content-type-builder/components (18 ms) 200
[2022-09-22 14:29:52.930] [32mhttp[39m: GET /content-type-builder/reserved-names (22 ms) 200
[2022-09-22 14:30:01.850] [32mhttp[39m: GET api:api/admin/plugins/content-type-builder/content-types/api::log.log (1 ms) 200
[2022-09-22 14:30:02.054] [32mhttp[39m: GET /admin/project-type (1 ms) 200
[2022-09-22 14:30:02.216] [32mhttp[39m: POST /admin/renew-token (2 ms) 200
[2022-09-22 14:30:02.229] [32mhttp[39m: GET /admin/init (11 ms) 200
[2022-09-22 14:30:02.407] [32mhttp[39m: GET /admin/information (25 ms) 200
[2022-09-22 14:30:02.412] [32mhttp[39m: GET /admin/users/me/permissions (27 ms) 200
[2022-09-22 14:30:02.418] [32mhttp[39m: GET /admin/users/me (31 ms) 200
[2022-09-22 14:30:02.470] [32mhttp[39m: GET /i18n/locales (12 ms) 200
[2022-09-22 14:30:02.613] [32mhttp[39m: GET /content-type-builder/reserved-names (11 ms) 200
[2022-09-22 14:30:02.618] [32mhttp[39m: GET /content-type-builder/components (18 ms) 200
[2022-09-22 14:30:02.626] [32mhttp[39m: GET /content-type-builder/content-types (21 ms) 200
[2022-09-22 14:30:10.188] [32mhttp[39m: GET /upload/files?sort=updatedAt:DESC&page=1&pageSize=10 (20 ms) 200
[2022-09-22 14:30:10.238] [32mhttp[39m: GET /uploads/thumbnail_CUETIME_LIVE_logo_8_1_e60bf749c4.png?width=1024&height=1024 (1 ms) 404
[2022-09-22 14:30:41.992] [32mhttp[39m: GET /admin/documentation-page.bd08e08d.chunk.js (1 ms) 200
[2022-09-22 14:30:42.044] [32mhttp[39m: GET /documentation/getInfos (16 ms) 200
[2022-09-22 14:30:43.681] [32mhttp[39m: GET /admin/[request].b929a427.chunk.js (1 ms) 200
[2022-09-22 14:30:46.169] [32mhttp[39m: GET /admin/Admin_pluginsPage.ab461a27.chunk.js (1 ms) 200
[2022-09-22 14:30:46.220] [32mhttp[39m: GET /admin/plugins (11 ms) 200
[2022-09-22 14:30:47.457] [32mhttp[39m: GET /admin/Admin_marketplace.fac3768c.chunk.js (1 ms) 200
[2022-09-22 14:30:47.526] [32mhttp[39m: GET /admin/information (12 ms) 200
[2022-09-22 14:30:47.537] [32mhttp[39m: GET /admin/plugins (10 ms) 200
[2022-09-22 14:30:48.746] [32mhttp[39m: GET /admin/90f49a385afb000fb1d4.svg (1 ms) 200
[2022-09-22 14:30:52.553] [32mhttp[39m: GET /admin/2066.37fb5511.chunk.js (1 ms) 200
[2022-09-22 14:30:52.592] [32mhttp[39m: GET /admin/Admin_settingsPage.2be46783.chunk.js (0 ms) 200
[2022-09-22 14:30:52.746] [32mhttp[39m: GET /admin/project-settings (39 ms) 200
[2022-09-22 14:31:00.286] [32mhttp[39m: GET /admin/api-tokens-list-page.4e93fdf6.chunk.js (1 ms) 200
[2022-09-22 14:31:00.401] [32mhttp[39m: GET /admin/api-tokens (13 ms) 200
[2022-09-22 14:31:06.139] [32mhttp[39m: GET /admin/documentation-settings.cdd749cf.chunk.js (1 ms) 200
[2022-09-22 14:31:06.230] [32mhttp[39m: GET /documentation/getInfos (16 ms) 200
[2022-09-22 14:31:08.218] [32mhttp[39m: GET /admin/i18n-settings-page.8de66c46.chunk.js (1 ms) 200
[2022-09-22 14:31:08.283] [32mhttp[39m: GET /i18n/locales (14 ms) 200
[2022-09-22 14:31:09.194] [32mhttp[39m: GET /admin/upload-settings.ebdf0aeb.chunk.js (1 ms) 200
[2022-09-22 14:31:09.253] [32mhttp[39m: GET /upload/settings (11 ms) 200
[2022-09-22 14:31:10.409] [32mhttp[39m: GET /admin/webhook-list-page.925f249b.chunk.js (0 ms) 200
[2022-09-22 14:31:10.469] [32mhttp[39m: GET /admin/webhooks (12 ms) 200
[2022-09-22 14:31:11.645] [32mhttp[39m: GET /admin/roles (14 ms) 200
[2022-09-22 14:31:12.641] [32mhttp[39m: GET /admin/admin-users.75683e28.chunk.js (1 ms) 200
[2022-09-22 14:31:12.756] [32mhttp[39m: GET /admin/users?pageSize=10&page=1&sort=firstname (27 ms) 200
[2022-09-22 14:31:13.961] [32mhttp[39m: GET /admin/email-settings-page.f65cb2a2.chunk.js (0 ms) 200
[2022-09-22 14:31:14.028] [32mhttp[39m: GET /email/settings (9 ms) 200
[2022-09-22 14:31:14.665] [32mhttp[39m: GET /admin/users-roles-settings-page.448ff95b.chunk.js (1 ms) 200
[2022-09-22 14:31:15.056] [32mhttp[39m: GET /admin/users-providers-settings-page.0560d4cf.chunk.js (1 ms) 200
[2022-09-22 14:31:15.142] [32mhttp[39m: GET /users-permissions/providers (35 ms) 200
[2022-09-22 14:31:15.595] [32mhttp[39m: GET /admin/users-email-settings-page.4917f330.chunk.js (0 ms) 200
[2022-09-22 14:31:15.684] [32mhttp[39m: GET /users-permissions/email-templates (11 ms) 200
[2022-09-22 14:31:16.358] [32mhttp[39m: GET /admin/users-advanced-settings-page.0560421f.chunk.js (0 ms) 200
[2022-09-22 14:31:16.409] [32mhttp[39m: GET /users-permissions/advanced (13 ms) 200
[2022-09-22 14:31:16.883] [32mhttp[39m: GET /users-permissions/email-templates (10 ms) 200
[2022-09-22 14:31:21.181] [32mhttp[39m: GET /users-permissions/providers (12 ms) 200
[2022-09-22 14:31:24.732] [32mhttp[39m: GET /users-permissions/roles (14 ms) 200
[2022-09-22 14:31:26.190] [32mhttp[39m: GET /email/settings (10 ms) 200
[2022-09-22 14:31:45.032] [32mhttp[39m: GET /admin/roles (14 ms) 200
[2022-09-22 14:31:46.298] [32mhttp[39m: GET /admin/webhooks (14 ms) 200
[2022-09-22 14:31:47.407] [32mhttp[39m: GET /i18n/locales (15 ms) 200
[2022-09-22 14:31:47.930] [32mhttp[39m: GET /upload/settings (12 ms) 200
[2022-09-22 14:31:48.855] [32mhttp[39m: GET /i18n/locales (13 ms) 200
[2022-09-22 14:31:49.279] [32mhttp[39m: GET /documentation/getInfos (13 ms) 200
[2022-09-22 14:31:50.181] [32mhttp[39m: GET /admin/api-tokens (12 ms) 200
[2022-09-22 14:31:50.509] [32mhttp[39m: GET /admin/project-settings (11 ms) 200
[2022-09-22 14:36:00.810] [32mhttp[39m: GET /admin/plugins (13 ms) 200
[2022-09-22 14:36:00.819] [32mhttp[39m: GET /admin/information (17 ms) 200
[2022-09-22 14:36:02.912] [32mhttp[39m: GET /admin/plugins (11 ms) 200
[2022-09-22 14:36:05.125] [32mhttp[39m: GET /documentation/getInfos (16 ms) 200
[2022-09-22 14:36:05.645] [32mhttp[39m: GET /upload/files?sort=updatedAt:DESC&page=1&pageSize=10 (25 ms) 200
[2022-09-22 14:36:05.689] [32mhttp[39m: GET /uploads/thumbnail_CUETIME_LIVE_logo_8_1_e60bf749c4.png?width=1024&height=1024 (2 ms) 404
[2022-09-22 14:36:05.960] [32mhttp[39m: GET /content-type-builder/components (11 ms) 200
[2022-09-22 14:36:05.965] [32mhttp[39m: GET /content-type-builder/content-types (21 ms) 200
[2022-09-22 14:36:05.970] [32mhttp[39m: GET /content-type-builder/reserved-names (23 ms) 200
[2022-09-22 14:37:43.540] [32mhttp[39m: GET /content-manager/components (12 ms) 200
[2022-09-22 14:37:43.547] [32mhttp[39m: GET /content-manager/content-types (17 ms) 200
[2022-09-22 14:37:43.595] [32mhttp[39m: GET /content-manager/content-types-settings (21 ms) 200
[2022-09-22 14:37:43.658] [32mhttp[39m: GET /content-manager/content-types/api::log.log/configuration (12 ms) 200
[2022-09-22 14:37:43.747] [32mhttp[39m: GET /content-manager/collection-types/api::log.log?page=1&pageSize=10&sort=action:ASC (26 ms) 200
[2022-09-22 14:37:48.317] [32mhttp[39m: GET /content-manager/collection-types/api::log.log/257 (10 ms) 200
[2022-09-22 14:37:51.671] [32mhttp[39m: GET /content-manager/content-types/api::log.log/configuration (12 ms) 200
[2022-09-22 14:37:51.748] [32mhttp[39m: GET /content-manager/collection-types/api::log.log?page=1&pageSize=10&sort=action:ASC (17 ms) 200
[2022-09-22 14:38:05.472] [32mhttp[39m: GET /content-manager/collection-types/api::log.log/520 (13 ms) 200
[2022-09-22 14:38:12.325] [32mhttp[39m: GET /content-manager/content-types/api::log.log/configuration (13 ms) 200
[2022-09-22 14:38:12.421] [32mhttp[39m: GET /content-manager/collection-types/api::log.log?page=1&pageSize=10&sort=action:ASC (33 ms) 200
[2022-09-22 14:38:13.753] [32mhttp[39m: GET /content-manager/content-types/api::order.order/configuration (11 ms) 200
[2022-09-22 14:38:13.884] [32mhttp[39m: GET /content-manager/collection-types/api::order.order?page=1&pageSize=10&sort=compid:ASC (36 ms) 200
[2022-09-22 14:38:28.407] [32mhttp[39m: GET /content-manager/content-types/api::region.region/configuration (13 ms) 200
[2022-09-22 14:38:28.478] [32mhttp[39m: GET /content-manager/collection-types/api::region.region?page=1&pageSize=10&sort=region:ASC&locale=en (16 ms) 200
[2022-09-22 14:38:30.944] [32mhttp[39m: GET /content-manager/collection-types/api::order.order?page=1&pageSize=10&sort=compid:ASC (28 ms) 200
[2022-09-22 14:38:31.756] [32mhttp[39m: GET /content-manager/collection-types/api::log.log?page=1&pageSize=10&sort=action:ASC (30 ms) 200
[2022-09-22 14:38:34.708] [32mhttp[39m: GET /content-manager/content-types/api::log.log/configuration (11 ms) 200
[2022-09-22 14:38:34.798] [32mhttp[39m: GET /content-manager/collection-types/api::log.log?page=1&pageSize=10&sort=action:ASC (25 ms) 200
[2022-09-22 14:38:41.695] [32mhttp[39m: GET /content-manager/collection-types/api::log.log?page=2&pageSize=10&sort=action:ASC (38 ms) 200
[2022-09-22 14:38:41.703] [32mhttp[39m: GET /content-manager/collection-types/api::log.log?page=2&pageSize=10&sort=action:ASC (30 ms) 200
[2022-09-22 14:38:43.723] [32mhttp[39m: GET /content-manager/collection-types/api::log.log?page=3&pageSize=10&sort=action:ASC (36 ms) 200
[2022-09-22 14:38:43.745] [32mhttp[39m: GET /content-manager/collection-types/api::log.log?page=3&pageSize=10&sort=action:ASC (32 ms) 200
[2022-09-22 14:38:45.112] [32mhttp[39m: GET /content-manager/collection-types/api::log.log?page=4&pageSize=10&sort=action:ASC (17 ms) 200
[2022-09-22 14:38:45.138] [32mhttp[39m: GET /content-manager/collection-types/api::log.log?page=4&pageSize=10&sort=action:ASC (25 ms) 200
[2022-09-22 14:38:47.034] [32mhttp[39m: GET /content-manager/collection-types/api::log.log?page=5&pageSize=10&sort=action:ASC (23 ms) 200
[2022-09-22 14:38:47.055] [32mhttp[39m: GET /content-manager/collection-types/api::log.log?page=5&pageSize=10&sort=action:ASC (16 ms) 200
[2022-09-22 14:38:48.320] [32mhttp[39m: GET /content-manager/collection-types/api::log.log?page=6&pageSize=10&sort=action:ASC (27 ms) 200
[2022-09-22 14:38:48.346] [32mhttp[39m: GET /content-manager/collection-types/api::log.log?page=6&pageSize=10&sort=action:ASC (23 ms) 200
[2022-09-22 14:38:49.372] [32mhttp[39m: GET /content-manager/collection-types/api::log.log?page=7&pageSize=10&sort=action:ASC (15 ms) 200
[2022-09-22 14:38:49.386] [32mhttp[39m: GET /content-manager/collection-types/api::log.log?page=7&pageSize=10&sort=action:ASC (17 ms) 200
[2022-09-22 14:38:50.290] [32mhttp[39m: GET /content-manager/collection-types/api::log.log?page=8&pageSize=10&sort=action:ASC (22 ms) 200
[2022-09-22 14:38:50.328] [32mhttp[39m: GET /content-manager/collection-types/api::log.log?page=8&pageSize=10&sort=action:ASC (25 ms) 200
[2022-09-22 14:38:51.021] [32mhttp[39m: GET /content-manager/collection-types/api::log.log?page=9&pageSize=10&sort=action:ASC (16 ms) 200
[2022-09-22 14:38:51.047] [32mhttp[39m: GET /content-manager/collection-types/api::log.log?page=9&pageSize=10&sort=action:ASC (16 ms) 200
[2022-09-22 14:38:51.964] [32mhttp[39m: GET /content-manager/collection-types/api::log.log?page=10&pageSize=10&sort=action:ASC (13 ms) 200
[2022-09-22 14:38:51.998] [32mhttp[39m: GET /content-manager/collection-types/api::log.log?page=10&pageSize=10&sort=action:ASC (18 ms) 200
[2022-09-22 14:38:59.332] [32mhttp[39m: GET /content-manager/collection-types/api::log.log?page=11&pageSize=10&sort=action:ASC (26 ms) 200
[2022-09-22 14:39:12.204] [32mhttp[39m: GET /content-manager/collection-types/api::log.log?page=12&pageSize=10&sort=action:ASC (31 ms) 200
[2022-09-22 14:39:12.520] [32mhttp[39m: GET /content-manager/collection-types/api::log.log?page=12&pageSize=10&sort=action:ASC (20 ms) 200
[2022-09-22 14:39:33.666] [32mhttp[39m: GET /content-manager/collection-types/api::log.log?page=13&pageSize=10&sort=action:ASC (25 ms) 200
[2022-09-22 14:39:33.695] [32mhttp[39m: GET /content-manager/collection-types/api::log.log?page=13&pageSize=10&sort=action:ASC (16 ms) 200
[2022-09-22 14:39:38.483] [32mhttp[39m: GET /content-manager/collection-types/api::log.log?page=14&pageSize=10&sort=action:ASC (24 ms) 200
[2022-09-22 14:39:38.491] [32mhttp[39m: GET /content-manager/collection-types/api::log.log?page=14&pageSize=10&sort=action:ASC (35 ms) 200
[2022-09-22 14:39:46.567] [32mhttp[39m: GET /content-manager/collection-types/api::log.log?page=1&pageSize=10&sort=action:ASC (25 ms) 200
[2022-09-22 14:39:46.602] [32mhttp[39m: GET /content-manager/collection-types/api::log.log?page=1&pageSize=10&sort=action:ASC (25 ms) 200
[2022-09-22 14:41:44.094] [32mhttp[39m: GET api:api/admin/content-manager/collectionType/api::log.log?page=1&pageSize=10&sort=action:ASC (2 ms) 200
[2022-09-22 14:41:44.335] [32mhttp[39m: GET /admin/project-type (1 ms) 200
[2022-09-22 14:41:44.488] [32mhttp[39m: POST /admin/renew-token (2 ms) 200
[2022-09-22 14:41:44.505] [32mhttp[39m: GET /admin/init (14 ms) 200
[2022-09-22 14:41:44.699] [32mhttp[39m: GET /admin/users/me/permissions (19 ms) 200
[2022-09-22 14:41:44.716] [32mhttp[39m: GET /admin/users/me (22 ms) 200
[2022-09-22 14:41:44.716] [32mhttp[39m: GET /admin/information (23 ms) 200
[2022-09-22 14:41:44.788] [32mhttp[39m: GET /i18n/locales (37 ms) 200
[2022-09-22 14:41:44.985] [32mhttp[39m: GET /content-manager/components (11 ms) 200
[2022-09-22 14:41:44.991] [32mhttp[39m: GET /content-manager/content-types (14 ms) 200
[2022-09-22 14:41:45.045] [32mhttp[39m: GET /content-manager/content-types-settings (20 ms) 200
[2022-09-22 14:41:45.118] [32mhttp[39m: GET /content-manager/content-types/api::log.log/configuration (10 ms) 200
[2022-09-22 14:41:45.241] [32mhttp[39m: GET /content-manager/collection-types/api::log.log?page=1&pageSize=10&sort=action:ASC (21 ms) 200
[2022-09-22 14:44:30.641] [32mhttp[39m: GET /alww.html?i (1 ms) 404
[2022-09-22 14:47:17.931] [32mhttp[39m: GET index.html (3 ms) 200
[2022-09-22 14:47:18.930] [32mhttp[39m: GET /assets/images/logo_login.png (2 ms) 200
[2022-09-22 14:50:51.987] [32mhttp[39m: GET index.html (2 ms) 200
[2022-09-22 14:54:31.728] [32mhttp[39m: GET index.html (3 ms) 200
[2022-09-22 14:57:51.118] [32mhttp[39m: GET /nmaplowercheck1663829871 (0 ms) 404
[2022-09-22 14:57:51.182] [32mhttp[39m: POST /sdk (0 ms) 405
[2022-09-22 14:57:51.306] [32mhttp[39m: GET /HNAP1 (1 ms) 404
[2022-09-22 14:58:10.770] [32mhttp[39m: GET index.html (3 ms) 200
[2022-09-22 14:58:10.955] [32mhttp[39m: GET index.html (2 ms) 200
[2022-09-22 15:02:22.474] [32mhttp[39m: GET /as31/?UHxdAzH=/s9x+Z3YRS98SNg0CDff3YBdCSqxVYmYuOrJJkoSEXkbl41RSIqmKXhbsmpNlasTODNK&OPg=HBZlf (1 ms) 404
[2022-09-22 15:10:41.082] [32mhttp[39m: GET index.html (3 ms) 200
[2022-09-22 15:23:08.886] [32mhttp[39m: GET index.html (2 ms) 200
[2022-09-22 15:24:36.794] [32mhttp[39m: GET /as31/?LltlvL=/s9x+Z2lRCwKOqtDBC3A1uYOMCewRpXP/OqudHUGG2wNjZFWRojnPW4Xvjwgr4E+OWgQWMM=&2dR=9rd4bhbxp (0 ms) 404
[2022-09-22 15:33:23.150] [32mhttp[39m: GET /content-manager/content-types/api::log.log/configuration (13 ms) 200
[2022-09-22 15:33:23.269] [32mhttp[39m: GET /content-manager/collection-types/api::log.log?page=1&pageSize=10&sort=action:ASC (21 ms) 200
[2022-09-22 15:33:25.503] [32mhttp[39m: GET /content-manager/content-types/api::log.log/configuration (12 ms) 200
[2022-09-22 15:33:25.620] [32mhttp[39m: GET /content-manager/collection-types/api::log.log?page=1&pageSize=10&sort=action:ASC (30 ms) 200
[2022-09-22 15:33:29.512] [32mhttp[39m: GET /content-manager/content-types/api::order.order/configuration (12 ms) 200
[2022-09-22 15:33:29.614] [32mhttp[39m: GET /content-manager/collection-types/api::order.order?page=1&pageSize=10&sort=compid:ASC (38 ms) 200
[2022-09-22 15:33:32.138] [32mhttp[39m: GET /content-manager/collection-types/api::log.log?page=1&pageSize=10&sort=action:ASC (19 ms) 200
[2022-09-22 15:33:33.108] [32mhttp[39m: GET /content-manager/content-types/api::region.region/configuration (11 ms) 200
[2022-09-22 15:33:33.210] [32mhttp[39m: GET /content-manager/collection-types/api::region.region?page=1&pageSize=10&sort=region:ASC&locale=en (10 ms) 200
[2022-09-22 15:33:34.275] [32mhttp[39m: GET /content-manager/content-types/plugin::users-permissions.user/configuration (11 ms) 200
[2022-09-22 15:33:34.364] [32mhttp[39m: GET /content-manager/collection-types/plugin::users-permissions.user?page=1&pageSize=10&sort=username:ASC (24 ms) 200
[2022-09-22 15:33:39.008] [32mhttp[39m: GET /content-manager/collection-types/api::log.log?page=1&pageSize=10&sort=action:ASC (28 ms) 200
[2022-09-22 15:33:45.254] [32mhttp[39m: GET /content-manager/collection-types/api::order.order?page=1&pageSize=10&sort=compid:ASC (26 ms) 200
[2022-09-22 15:33:46.036] [32mhttp[39m: GET /content-type-builder/components (10 ms) 200
[2022-09-22 15:33:46.045] [32mhttp[39m: GET /content-type-builder/reserved-names (15 ms) 200
[2022-09-22 15:33:46.053] [32mhttp[39m: GET /content-type-builder/content-types (15 ms) 200
[2022-09-22 15:34:18.728] [32mhttp[39m: GET /upload/files?sort=updatedAt:DESC&page=1&pageSize=10 (25 ms) 200
[2022-09-22 15:34:18.773] [32mhttp[39m: GET /uploads/thumbnail_CUETIME_LIVE_logo_8_1_e60bf749c4.png?width=1024&height=1024 (1 ms) 404
[2022-09-22 15:34:25.630] [32mhttp[39m: GET /documentation/getInfos (15 ms) 200
[2022-09-22 15:34:31.962] [32mhttp[39m: GET /admin/plugins (13 ms) 200
[2022-09-22 15:34:33.629] [32mhttp[39m: GET /admin/plugins (22 ms) 200
[2022-09-22 15:34:33.635] [32mhttp[39m: GET /admin/information (25 ms) 200
[2022-09-22 15:34:34.800] [32mhttp[39m: GET /admin/project-settings (12 ms) 200
[2022-09-22 15:34:36.167] [32mhttp[39m: GET /content-type-builder/components (11 ms) 200
[2022-09-22 15:34:36.175] [32mhttp[39m: GET /content-type-builder/reserved-names (15 ms) 200
[2022-09-22 15:34:36.182] [32mhttp[39m: GET /content-type-builder/content-types (12 ms) 200
[2022-09-22 15:34:36.852] [32mhttp[39m: GET /content-manager/components (11 ms) 200
[2022-09-22 15:34:36.857] [32mhttp[39m: GET /content-manager/content-types (14 ms) 200
[2022-09-22 15:34:36.902] [32mhttp[39m: GET /content-manager/content-types-settings (21 ms) 200
[2022-09-22 15:34:36.957] [32mhttp[39m: GET /content-manager/content-types/api::log.log/configuration (11 ms) 200
[2022-09-22 15:34:37.070] [32mhttp[39m: GET /content-manager/collection-types/api::log.log?page=1&pageSize=10&sort=action:ASC (15 ms) 200
[2022-09-22 15:34:47.369] [32mhttp[39m: GET /admin/plugins (11 ms) 200
[2022-09-22 15:34:49.969] [32mhttp[39m: GET /admin/project-settings (14 ms) 200
[2022-09-22 15:34:56.360] [32mhttp[39m: GET /admin/api-tokens (12 ms) 200
[2022-09-22 15:35:07.703] [32mhttp[39m: GET /documentation/getInfos (17 ms) 200
[2022-09-22 15:35:09.064] [32mhttp[39m: GET /i18n/locales (13 ms) 200
[2022-09-22 15:35:17.424] [32mhttp[39m: GET /upload/settings (12 ms) 200
[2022-09-22 15:35:18.399] [32mhttp[39m: GET /admin/webhooks (13 ms) 200
[2022-09-22 15:35:19.153] [32mhttp[39m: GET /admin/roles (15 ms) 200
[2022-09-22 15:35:20.692] [32mhttp[39m: GET /admin/users?pageSize=10&page=1&sort=firstname (16 ms) 200
[2022-09-22 15:35:28.557] [32mhttp[39m: GET /email/settings (11 ms) 200
[2022-09-22 15:35:32.088] [32mhttp[39m: GET /users-permissions/roles (15 ms) 200
[2022-09-22 15:35:33.843] [32mhttp[39m: GET /users-permissions/providers (13 ms) 200
[2022-09-22 15:35:35.094] [32mhttp[39m: GET /users-permissions/email-templates (10 ms) 200
[2022-09-22 15:35:36.436] [32mhttp[39m: GET /users-permissions/advanced (12 ms) 200
[2022-09-22 15:35:38.216] [32mhttp[39m: GET /admin/information (10 ms) 200
[2022-09-22 15:35:38.226] [32mhttp[39m: GET /admin/plugins (8 ms) 200
[2022-09-22 15:35:39.774] [32mhttp[39m: GET /admin/plugins (10 ms) 200
[2022-09-22 15:35:41.919] [32mhttp[39m: GET /documentation/getInfos (12 ms) 200
[2022-09-22 15:35:43.248] [32mhttp[39m: GET /upload/files?sort=updatedAt:DESC&page=1&pageSize=10 (14 ms) 200
[2022-09-22 15:35:43.287] [32mhttp[39m: GET /uploads/thumbnail_CUETIME_LIVE_logo_8_1_e60bf749c4.png?width=1024&height=1024 (1 ms) 404
[2022-09-22 15:35:44.384] [32mhttp[39m: GET /content-type-builder/content-types (18 ms) 200
[2022-09-22 15:35:44.388] [32mhttp[39m: GET /content-type-builder/reserved-names (24 ms) 200
[2022-09-22 15:35:44.430] [32mhttp[39m: GET /content-type-builder/components (60 ms) 200
[2022-09-22 15:35:46.223] [32mhttp[39m: GET /content-manager/components (12 ms) 200
[2022-09-22 15:35:46.235] [32mhttp[39m: GET /content-manager/content-types (21 ms) 200
[2022-09-22 15:35:46.279] [32mhttp[39m: GET /content-manager/content-types-settings (21 ms) 200
[2022-09-22 15:35:46.328] [32mhttp[39m: GET /content-manager/content-types/api::log.log/configuration (13 ms) 200
[2022-09-22 15:35:46.398] [32mhttp[39m: GET /content-manager/collection-types/api::log.log?page=1&pageSize=10&sort=action:ASC (15 ms) 200
[2022-09-22 15:35:52.816] [32mhttp[39m: GET api:api/admin/content-manager/collectionType/api::log.log?page=1&pageSize=10&sort=action:ASC (1 ms) 200
[2022-09-22 15:35:53.035] [32mhttp[39m: GET /admin/project-type (1 ms) 200
[2022-09-22 15:35:53.184] [32mhttp[39m: POST /admin/renew-token (1 ms) 200
[2022-09-22 15:35:53.197] [32mhttp[39m: GET /admin/init (17 ms) 200
[2022-09-22 15:35:53.384] [32mhttp[39m: GET /admin/users/me/permissions (19 ms) 200
[2022-09-22 15:35:53.393] [32mhttp[39m: GET /admin/users/me (23 ms) 200
[2022-09-22 15:35:53.398] [32mhttp[39m: GET /admin/information (19 ms) 200
[2022-09-22 15:35:53.449] [32mhttp[39m: GET /i18n/locales (11 ms) 200
[2022-09-22 15:35:53.642] [32mhttp[39m: GET /content-manager/content-types (10 ms) 200
[2022-09-22 15:35:53.652] [32mhttp[39m: GET /content-manager/components (8 ms) 200
[2022-09-22 15:35:53.691] [32mhttp[39m: GET /content-manager/content-types-settings (15 ms) 200
[2022-09-22 15:35:53.747] [32mhttp[39m: GET /content-manager/content-types/api::log.log/configuration (10 ms) 200
[2022-09-22 15:35:53.863] [32mhttp[39m: GET /content-manager/collection-types/api::log.log?page=1&pageSize=10&sort=action:ASC (15 ms) 200
[2022-09-22 15:35:55.530] [32mhttp[39m: GET /content-manager/content-types/api::log.log/configuration (11 ms) 200
[2022-09-22 15:35:55.607] [32mhttp[39m: GET /content-manager/collection-types/api::log.log?page=1&pageSize=10&sort=action:ASC (19 ms) 200
[2022-09-22 15:35:57.391] [32mhttp[39m: GET /content-manager/content-types/api::order.order/configuration (11 ms) 200
[2022-09-22 15:35:57.480] [32mhttp[39m: GET /content-manager/collection-types/api::order.order?page=1&pageSize=10&sort=compid:ASC (22 ms) 200
[2022-09-22 15:35:58.386] [32mhttp[39m: GET /content-manager/collection-types/api::log.log?page=1&pageSize=10&sort=action:ASC (14 ms) 200
[2022-09-22 15:36:34.870] [32mhttp[39m: GET /alww.html?i (0 ms) 404
[2022-09-22 15:38:40.908] [32mhttp[39m: GET /as31/?rFiLd=_pDhWBM&-ZRTT6pp=/s9x+Z2gRFoKRtpDei3A1u1jDiC6TY3Lr/25B1EVBn4NjMJHEdC8BRY551FCt7UpOF5K (1 ms) 404
[2022-09-22 16:08:39.613] [32mhttp[39m: GET index.html (2 ms) 200
[2022-09-22 16:08:40.164] [32mhttp[39m: GET /favicon.ico (0 ms) 200
[2022-09-22 16:16:43.853] [32mhttp[39m: GET /as31/?w0H8DX=/s9x+Z2gRFoKRtpDei3A1u1jDiC6TY3Lr/25B1EVBn4NjMJHEdC8BRY551FCt7UpOF5K&pB=QpfD (0 ms) 404
[2022-09-22 16:44:13.231] [32mhttp[39m: GET index.html (3 ms) 200
[2022-09-22 16:44:13.269] [32mhttp[39m: GET /admin (1 ms) 200
[2022-09-22 17:09:15.935] [32mhttp[39m: GET index.html (3 ms) 200
[2022-09-22 17:09:56.394] [32mhttp[39m: GET index.html (3 ms) 200
[2022-09-22 17:09:56.431] [32mhttp[39m: GET /favicon.ico (0 ms) 200
[2022-09-22 17:10:12.516] [32mhttp[39m: GET index.html (3 ms) 200
[2022-09-22 17:10:12.790] [32mhttp[39m: GET /favicon.ico (0 ms) 200
[2022-09-22 17:21:46.273] [32mhttp[39m: GET index.html (2 ms) 200
[2022-09-22 17:21:46.312] [32mhttp[39m: GET /favicon.ico (0 ms) 200
[2022-09-22 17:38:16.595] [32mhttp[39m: GET /as31/?_Tn=JDfDw2&LF9L_rN=/s9x+Z3UNyMMSKxCCy3A1u1jDiC6TY3Lr/25AUkAHWcJiocfUd6waypd5H1UjuRN (1 ms) 404
[2022-09-22 17:38:28.632] [32mhttp[39m: GET index.html (3 ms) 200
[2022-09-22 17:38:29.108] [32mhttp[39m: GET /.env (0 ms) 404
[2022-09-22 17:38:29.603] [32mhttp[39m: POST / (2 ms) 405
[2022-09-22 17:56:14.824] [32mhttp[39m: GET index.html (2 ms) 200
[2022-09-22 18:11:22.231] [32mhttp[39m: GET index.html (3 ms) 200
[2022-09-22 18:11:22.256] [32mhttp[39m: GET /assets/images/logo_login.png (1 ms) 200
[2022-09-22 18:11:25.001] [32mhttp[39m: GET /admin (1 ms) 200
[2022-09-22 18:11:25.129] [32mhttp[39m: GET /admin/project-type (0 ms) 200
[2022-09-22 18:11:25.289] [32mhttp[39m: GET /admin/init (12 ms) 200
[2022-09-22 18:11:25.502] [32mhttp[39m: GET /admin/fde9b1ad0670d29a2516.png (1 ms) 200
[2022-09-22 18:11:29.238] [32mhttp[39m: POST /admin/login (92 ms) 200
[2022-09-22 18:11:29.309] [32mhttp[39m: GET /admin/information (13 ms) 200
[2022-09-22 18:11:29.315] [31merror[39m: select `t0`.*, `t0`.`id` from `admin_users` as `t0` where (`t0`.`id` = 2) limit 1 - read ECONNRESET
Error: read ECONNRESET
    at TCP.onStreamRead (node:internal/stream_base_commons:217:20)
    --------------------
    at Protocol._enqueue (/var/www/html/logflows/node_modules/mysql/lib/protocol/Protocol.js:144:48)
    at Connection.query (/var/www/html/logflows/node_modules/mysql/lib/Connection.js:198:25)
    at /var/www/html/logflows/node_modules/knex/lib/dialects/mysql/index.js:132:18
    at new Promise (<anonymous>)
    at Client_MySQL._query (/var/www/html/logflows/node_modules/knex/lib/dialects/mysql/index.js:126:12)
    at executeQuery (/var/www/html/logflows/node_modules/knex/lib/execution/internal/query-executioner.js:37:17)
    at Client_MySQL.query (/var/www/html/logflows/node_modules/knex/lib/client.js:146:12)
    at Runner.query (/var/www/html/logflows/node_modules/knex/lib/execution/runner.js:130:36)
    at ensureConnectionCallback (/var/www/html/logflows/node_modules/knex/lib/execution/internal/ensure-connection-callback.js:13:17)
    at Runner.ensureConnection (/var/www/html/logflows/node_modules/knex/lib/execution/runner.js:307:20)
[2022-09-22 18:11:29.328] [32mhttp[39m: GET /admin/users/me/permissions (27 ms) 200
[2022-09-22 18:11:29.337] [32mhttp[39m: GET /i18n/locales (13 ms) 200
[2022-09-22 18:11:29.394] [32mhttp[39m: GET /content-manager/components (11 ms) 200
[2022-09-22 18:11:29.398] [32mhttp[39m: GET /content-manager/content-types (12 ms) 200
[2022-09-22 18:11:29.426] [32mhttp[39m: GET /admin/fb376b132d18bf4522ca.png (1 ms) 200
[2022-09-22 18:11:30.347] [32mhttp[39m: GET /admin/users/me (8 ms) 200
[2022-09-22 18:29:37.016] [32mhttp[39m: GET /as31/?-ZRTT6pp=/s9x+Z2gRFoKRtpDei3A1u1jDiC6TY3Lr/25B1EVBn4NjMJHEdC8BRY551FCt7UpOF5K&0d3DU=DTKdcRXXXZcluFQ (1 ms) 404

> logflows-sync-pickupp@0.1.0 start
> strapi start


 Project information

[90m┌────────────────────[39m[90m┬──────────────────────────────────────────────────┐[39m
[90m│[39m Time               [90m│[39m Thu Sep 22 2022 22:07:58 GMT+0800 (China Standa… [90m│[39m
[90m│[39m Launched in        [90m│[39m 1046 ms                                          [90m│[39m
[90m│[39m Environment        [90m│[39m development                                      [90m│[39m
[90m│[39m Process PID        [90m│[39m 8161                                             [90m│[39m
[90m│[39m Version            [90m│[39m 4.2.0 (node v16.15.0)                            [90m│[39m
[90m│[39m Edition            [90m│[39m Community                                        [90m│[39m
[90m└────────────────────[39m[90m┴──────────────────────────────────────────────────┘[39m

 Actions available

Welcome back!
To manage your project 🚀, go to the administration panel at:
http://localhost:1337/admin

To access the server ⚡️, go to:
http://localhost:1337

[2022-09-22 22:08:11.212] [32mhttp[39m: GET /admin/ (14 ms) 200
[2022-09-22 22:08:11.759] [32mhttp[39m: GET /admin/project-type (5 ms) 200
[2022-09-22 22:08:12.130] [32mhttp[39m: GET /admin/init (16 ms) 200
[2022-09-22 22:08:25.582] [32mhttp[39m: GET /admin/auth/login (2 ms) 200
[2022-09-22 22:08:25.895] [32mhttp[39m: GET /admin/project-type (1 ms) 200
[2022-09-22 22:08:26.150] [32mhttp[39m: GET /admin/init (17 ms) 200

> logflows-sync-pickupp@0.1.0 start
> strapi start


 Project information

[90m┌────────────────────[39m[90m┬──────────────────────────────────────────────────┐[39m
[90m│[39m Time               [90m│[39m Thu Sep 22 2022 22:51:07 GMT+0800 (China Standa… [90m│[39m
[90m│[39m Launched in        [90m│[39m 1132 ms                                          [90m│[39m
[90m│[39m Environment        [90m│[39m development                                      [90m│[39m
[90m│[39m Process PID        [90m│[39m 8767                                             [90m│[39m
[90m│[39m Version            [90m│[39m 4.2.0 (node v16.15.0)                            [90m│[39m
[90m│[39m Edition            [90m│[39m Community                                        [90m│[39m
[90m└────────────────────[39m[90m┴──────────────────────────────────────────────────┘[39m

 Actions available

Welcome back!
To manage your project 🚀, go to the administration panel at:
http://localhost:1337/admin

To access the server ⚡️, go to:
http://localhost:1337

[2022-09-22 22:51:13.833] [32mhttp[39m: GET /admin/ (14 ms) 200
[2022-09-22 22:51:14.340] [32mhttp[39m: GET /admin/project-type (6 ms) 200
[2022-09-22 22:51:14.870] [32mhttp[39m: GET /admin/init (15 ms) 200

> logflows-sync-pickupp@0.1.0 strapi
> strapi "start"


 Project information

[90m┌────────────────────[39m[90m┬──────────────────────────────────────────────────┐[39m
[90m│[39m Time               [90m│[39m Thu Sep 22 2022 23:34:45 GMT+0800 (China Standa… [90m│[39m
[90m│[39m Launched in        [90m│[39m 1078 ms                                          [90m│[39m
[90m│[39m Environment        [90m│[39m product                                          [90m│[39m
[90m│[39m Process PID        [90m│[39m 11434                                            [90m│[39m
[90m│[39m Version            [90m│[39m 4.2.0 (node v16.15.0)                            [90m│[39m
[90m│[39m Edition            [90m│[39m Community                                        [90m│[39m
[90m└────────────────────[39m[90m┴──────────────────────────────────────────────────┘[39m

 Actions available

Welcome back!
To manage your project 🚀, go to the administration panel at:
http://0.0.0.0:1337/admin

To access the server ⚡️, go to:
http://0.0.0.0:1337

[2022-09-22 23:34:50.449] [32mhttp[39m: GET /admin/ (14 ms) 200
[2022-09-22 23:34:50.513] [32mhttp[39m: GET /admin/runtime~main.142aca63.js (5 ms) 200
[2022-09-22 23:34:50.550] [32mhttp[39m: GET /admin/main.3f24dfb4.js (1 ms) 200
[2022-09-22 23:34:52.352] [32mhttp[39m: GET /admin/project-type (2 ms) 200
[2022-09-22 23:34:52.646] [32mhttp[39m: GET /admin/init (16 ms) 200
